<?xml version="1.0" encoding="UTF-8"?>
<!-- Generated by org.testng.reporters.JUnitXMLReporter -->
<testsuite hostname="IM-PC-120" name="pom_Sample" tests="1" failures="0" timestamp="3 Feb 2016 06:25:46 GMT" time="55.774" errors="0">
  <testcase name="@BeforeTest beforeTest" time="0.0" classname="HA.TestExecute.NewTest">
    <failure type="org.openqa.selenium.WebDriverException" message="Failed to connect to binary FirefoxBinary(C:\Program Files (x86)\Mozilla Firefox\firefox.exe) on port 7055; process output follows: 
C:\Users\mmulka\AppData\Local\Temp\anonymous8534811064349143733webdriver-profile\extensions\fxdriver@googlecode.com
1454480700987	addons.xpi	DEBUG	Ignoring file entry whose name is not a valid add-on ID: C:\Users\mmulka\AppData\Local\Temp\anonymous8534811064349143733webdriver-profile\extensions\webdriver-staging
1454480700987	addons.xpi	INFO	SystemAddonInstallLocation directory is missing
1454480700988	addons.xpi	INFO	Mapping {972ce4c6-7e08-4474-a285-3208198ce6fd} to C:\Program Files (x86)\Mozilla Firefox\browser\extensions\{972ce4c6-7e08-4474-a285-3208198ce6fd}
1454480700989	addons.xpi	DEBUG	Skipping unavailable install location app-system-share
1454480700989	addons.xpi	DEBUG	Skipping unavailable install location app-system-local
1454480700990	addons.xpi	DEBUG	checkForChanges
1454480700990	addons.xpi	DEBUG	Loaded add-on state from prefs: {&amp;quot;app-profile&amp;quot;:{&amp;quot;fxdriver@googlecode.com&amp;quot;:{&amp;quot;d&amp;quot;:&amp;quot;C:\\Users\\mmulka\\AppData\\Local\\Temp\\anonymous8534811064349143733webdriver-profile\\extensions\\fxdriver@googlecode.com&amp;quot;,&amp;quot;e&amp;quot;:false,&amp;quot;v&amp;quot;:&amp;quot;2.45.0&amp;quot;,&amp;quot;st&amp;quot;:1454480693547,&amp;quot;mt&amp;quot;:1454480693511}},&amp;quot;app-global&amp;quot;:{&amp;quot;{972ce4c6-7e08-4474-a285-3208198ce6fd}&amp;quot;:{&amp;quot;d&amp;quot;:&amp;quot;C:\\Program Files (x86)\\Mozilla Firefox\\browser\\extensions\\{972ce4c6-7e08-4474-a285-3208198ce6fd}&amp;quot;,&amp;quot;e&amp;quot;:true,&amp;quot;v&amp;quot;:&amp;quot;43.0.1&amp;quot;,&amp;quot;st&amp;quot;:1453273756640,&amp;quot;mt&amp;quot;:1453273756121}}}
1454480700991	addons.xpi	DEBUG	Existing add-on fxdriver@googlecode.com in app-profile
1454480700992	addons.xpi	DEBUG	getModTime: Recursive scan of {972ce4c6-7e08-4474-a285-3208198ce6fd}
1454480700993	addons.xpi	DEBUG	Existing add-on {972ce4c6-7e08-4474-a285-3208198ce6fd} in app-global
1454480700993	addons.xpi	DEBUG	getInstallState changed: false, state: {&amp;quot;app-profile&amp;quot;:{&amp;quot;fxdriver@googlecode.com&amp;quot;:{&amp;quot;d&amp;quot;:&amp;quot;C:\\Users\\mmulka\\AppData\\Local\\Temp\\anonymous8534811064349143733webdriver-profile\\extensions\\fxdriver@googlecode.com&amp;quot;,&amp;quot;e&amp;quot;:false,&amp;quot;v&amp;quot;:&amp;quot;2.45.0&amp;quot;,&amp;quot;st&amp;quot;:1454480693547,&amp;quot;mt&amp;quot;:1454480693511}},&amp;quot;app-global&amp;quot;:{&amp;quot;{972ce4c6-7e08-4474-a285-3208198ce6fd}&amp;quot;:{&amp;quot;d&amp;quot;:&amp;quot;C:\\Program Files (x86)\\Mozilla Firefox\\browser\\extensions\\{972ce4c6-7e08-4474-a285-3208198ce6fd}&amp;quot;,&amp;quot;e&amp;quot;:true,&amp;quot;v&amp;quot;:&amp;quot;43.0.1&amp;quot;,&amp;quot;st&amp;quot;:1453273756640,&amp;quot;mt&amp;quot;:1453273756121}}}
1454480700995	addons.xpi	DEBUG	No changes found
1454480701003	addons.manager	DEBUG	Registering shutdown blocker for XPIProvider
1454480701004	addons.manager	DEBUG	Provider finished startup: XPIProvider
1454480701004	addons.manager	DEBUG	Starting provider: LightweightThemeManager
1454480701004	addons.manager	DEBUG	Registering shutdown blocker for LightweightThemeManager
1454480701004	addons.manager	DEBUG	Provider finished startup: LightweightThemeManager
1454480701005	addons.manager	DEBUG	Starting provider: GMPProvider
1454480701010	addons.manager	DEBUG	Registering shutdown blocker for GMPProvider
1454480701011	addons.manager	DEBUG	Provider finished startup: GMPProvider
1454480701011	addons.manager	DEBUG	Starting provider: PluginProvider
1454480701011	addons.manager	DEBUG	Registering shutdown blocker for PluginProvider
1454480701011	addons.manager	DEBUG	Provider finished startup: PluginProvider
1454480701011	addons.manager	DEBUG	Completed startup sequence
1454480701086	addons.xpi-utils	DEBUG	Starting async load of XPI database C:\Users\mmulka\AppData\Local\Temp\anonymous8534811064349143733webdriver-profile\extensions.json
*** Blocklist::_loadBlocklistFromFile: blocklist is disabled
1454480701250	addons.manager	DEBUG	Starting provider: &amp;lt;unnamed-provider&amp;gt;
1454480701250	addons.manager	DEBUG	Registering shutdown blocker for &amp;lt;unnamed-provider&amp;gt;
1454480701251	addons.manager	DEBUG	Provider finished startup: &amp;lt;unnamed-provider&amp;gt;
1454480701396	addons.xpi-utils	DEBUG	Async JSON file read took 0 MS
1454480701396	addons.xpi-utils	DEBUG	Finished async read of XPI database, parsing...
1454480701397	addons.xpi-utils	DEBUG	Successfully read XPI database
1454480701547	addons.manager	DEBUG	Starting provider: PreviousExperimentProvider
1454480701547	addons.manager	DEBUG	Registering shutdown blocker for PreviousExperimentProvider
1454480701547	addons.manager	DEBUG	Provider finished startup: PreviousExperimentProvider

Build info: version: &amp;apos;2.45.0&amp;apos;, revision: &amp;apos;32a636c&amp;apos;, time: &amp;apos;2015-03-05 22:01:35&amp;apos;
System info: host: &amp;apos;IM-PC-120&amp;apos;, ip: &amp;apos;192.168.234.160&amp;apos;, os.name: &amp;apos;Windows 7&amp;apos;, os.arch: &amp;apos;amd64&amp;apos;, os.version: &amp;apos;6.1&amp;apos;, java.version: &amp;apos;1.7.0_79&amp;apos;
Driver info: driver.version: FirefoxDriver">
      <![CDATA[org.openqa.selenium.WebDriverException: Failed to connect to binary FirefoxBinary(C:\Program Files (x86)\Mozilla Firefox\firefox.exe) on port 7055; process output follows: 
C:\Users\mmulka\AppData\Local\Temp\anonymous8534811064349143733webdriver-profile\extensions\fxdriver@googlecode.com
1454480700987	addons.xpi	DEBUG	Ignoring file entry whose name is not a valid add-on ID: C:\Users\mmulka\AppData\Local\Temp\anonymous8534811064349143733webdriver-profile\extensions\webdriver-staging
1454480700987	addons.xpi	INFO	SystemAddonInstallLocation directory is missing
1454480700988	addons.xpi	INFO	Mapping {972ce4c6-7e08-4474-a285-3208198ce6fd} to C:\Program Files (x86)\Mozilla Firefox\browser\extensions\{972ce4c6-7e08-4474-a285-3208198ce6fd}
1454480700989	addons.xpi	DEBUG	Skipping unavailable install location app-system-share
1454480700989	addons.xpi	DEBUG	Skipping unavailable install location app-system-local
1454480700990	addons.xpi	DEBUG	checkForChanges
1454480700990	addons.xpi	DEBUG	Loaded add-on state from prefs: {"app-profile":{"fxdriver@googlecode.com":{"d":"C:\\Users\\mmulka\\AppData\\Local\\Temp\\anonymous8534811064349143733webdriver-profile\\extensions\\fxdriver@googlecode.com","e":false,"v":"2.45.0","st":1454480693547,"mt":1454480693511}},"app-global":{"{972ce4c6-7e08-4474-a285-3208198ce6fd}":{"d":"C:\\Program Files (x86)\\Mozilla Firefox\\browser\\extensions\\{972ce4c6-7e08-4474-a285-3208198ce6fd}","e":true,"v":"43.0.1","st":1453273756640,"mt":1453273756121}}}
1454480700991	addons.xpi	DEBUG	Existing add-on fxdriver@googlecode.com in app-profile
1454480700992	addons.xpi	DEBUG	getModTime: Recursive scan of {972ce4c6-7e08-4474-a285-3208198ce6fd}
1454480700993	addons.xpi	DEBUG	Existing add-on {972ce4c6-7e08-4474-a285-3208198ce6fd} in app-global
1454480700993	addons.xpi	DEBUG	getInstallState changed: false, state: {"app-profile":{"fxdriver@googlecode.com":{"d":"C:\\Users\\mmulka\\AppData\\Local\\Temp\\anonymous8534811064349143733webdriver-profile\\extensions\\fxdriver@googlecode.com","e":false,"v":"2.45.0","st":1454480693547,"mt":1454480693511}},"app-global":{"{972ce4c6-7e08-4474-a285-3208198ce6fd}":{"d":"C:\\Program Files (x86)\\Mozilla Firefox\\browser\\extensions\\{972ce4c6-7e08-4474-a285-3208198ce6fd}","e":true,"v":"43.0.1","st":1453273756640,"mt":1453273756121}}}
1454480700995	addons.xpi	DEBUG	No changes found
1454480701003	addons.manager	DEBUG	Registering shutdown blocker for XPIProvider
1454480701004	addons.manager	DEBUG	Provider finished startup: XPIProvider
1454480701004	addons.manager	DEBUG	Starting provider: LightweightThemeManager
1454480701004	addons.manager	DEBUG	Registering shutdown blocker for LightweightThemeManager
1454480701004	addons.manager	DEBUG	Provider finished startup: LightweightThemeManager
1454480701005	addons.manager	DEBUG	Starting provider: GMPProvider
1454480701010	addons.manager	DEBUG	Registering shutdown blocker for GMPProvider
1454480701011	addons.manager	DEBUG	Provider finished startup: GMPProvider
1454480701011	addons.manager	DEBUG	Starting provider: PluginProvider
1454480701011	addons.manager	DEBUG	Registering shutdown blocker for PluginProvider
1454480701011	addons.manager	DEBUG	Provider finished startup: PluginProvider
1454480701011	addons.manager	DEBUG	Completed startup sequence
1454480701086	addons.xpi-utils	DEBUG	Starting async load of XPI database C:\Users\mmulka\AppData\Local\Temp\anonymous8534811064349143733webdriver-profile\extensions.json
*** Blocklist::_loadBlocklistFromFile: blocklist is disabled
1454480701250	addons.manager	DEBUG	Starting provider: <unnamed-provider>
1454480701250	addons.manager	DEBUG	Registering shutdown blocker for <unnamed-provider>
1454480701251	addons.manager	DEBUG	Provider finished startup: <unnamed-provider>
1454480701396	addons.xpi-utils	DEBUG	Async JSON file read took 0 MS
1454480701396	addons.xpi-utils	DEBUG	Finished async read of XPI database, parsing...
1454480701397	addons.xpi-utils	DEBUG	Successfully read XPI database
1454480701547	addons.manager	DEBUG	Starting provider: PreviousExperimentProvider
1454480701547	addons.manager	DEBUG	Registering shutdown blocker for PreviousExperimentProvider
1454480701547	addons.manager	DEBUG	Provider finished startup: PreviousExperimentProvider

Build info: version: '2.45.0', revision: '32a636c', time: '2015-03-05 22:01:35'
System info: host: 'IM-PC-120', ip: '192.168.234.160', os.name: 'Windows 7', os.arch: 'amd64', os.version: '6.1', java.version: '1.7.0_79'
Driver info: driver.version: FirefoxDriver
	at org.openqa.selenium.firefox.internal.NewProfileExtensionConnection.start(NewProfileExtensionConnection.java:130)
	at org.openqa.selenium.firefox.FirefoxDriver.startClient(FirefoxDriver.java:246)
	at org.openqa.selenium.remote.RemoteWebDriver.<init>(RemoteWebDriver.java:114)
	at org.openqa.selenium.firefox.FirefoxDriver.<init>(FirefoxDriver.java:193)
	at org.openqa.selenium.firefox.FirefoxDriver.<init>(FirefoxDriver.java:186)
	at org.openqa.selenium.firefox.FirefoxDriver.<init>(FirefoxDriver.java:182)
	at org.openqa.selenium.firefox.FirefoxDriver.<init>(FirefoxDriver.java:95)
	at HA.SeleniumLib.Common.driver(Common.java:144)
	at HA.SeleniumLib.Login.signIn(Login.java:20)
	at HA.TestExecute.NewTest.beforeTest(NewTest.java:32)
Caused by: org.openqa.selenium.firefox.NotConnectedException: Unable to connect to host 127.0.0.1 on port 7055 after 45000 ms. Firefox console output:
C:\Users\mmulka\AppData\Local\Temp\anonymous8534811064349143733webdriver-profile\extensions\fxdriver@googlecode.com
1454480700987	addons.xpi	DEBUG	Ignoring file entry whose name is not a valid add-on ID: C:\Users\mmulka\AppData\Local\Temp\anonymous8534811064349143733webdriver-profile\extensions\webdriver-staging
1454480700987	addons.xpi	INFO	SystemAddonInstallLocation directory is missing
1454480700988	addons.xpi	INFO	Mapping {972ce4c6-7e08-4474-a285-3208198ce6fd} to C:\Program Files (x86)\Mozilla Firefox\browser\extensions\{972ce4c6-7e08-4474-a285-3208198ce6fd}
1454480700989	addons.xpi	DEBUG	Skipping unavailable install location app-system-share
1454480700989	addons.xpi	DEBUG	Skipping unavailable install location app-system-local
1454480700990	addons.xpi	DEBUG	checkForChanges
1454480700990	addons.xpi	DEBUG	Loaded add-on state from prefs: {"app-profile":{"fxdriver@googlecode.com":{"d":"C:\\Users\\mmulka\\AppData\\Local\\Temp\\anonymous8534811064349143733webdriver-profile\\extensions\\fxdriver@googlecode.com","e":false,"v":"2.45.0","st":1454480693547,"mt":1454480693511}},"app-global":{"{972ce4c6-7e08-4474-a285-3208198ce6fd}":{"d":"C:\\Program Files (x86)\\Mozilla Firefox\\browser\\extensions\\{972ce4c6-7e08-4474-a285-3208198ce6fd}","e":true,"v":"43.0.1","st":1453273756640,"mt":1453273756121}}}
1454480700991	addons.xpi	DEBUG	Existing add-on fxdriver@googlecode.com in app-profile
1454480700992	addons.xpi	DEBUG	getModTime: Recursive scan of {972ce4c6-7e08-4474-a285-3208198ce6fd}
1454480700993	addons.xpi	DEBUG	Existing add-on {972ce4c6-7e08-4474-a285-3208198ce6fd} in app-global
1454480700993	addons.xpi	DEBUG	getInstallState changed: false, state: {"app-profile":{"fxdriver@googlecode.com":{"d":"C:\\Users\\mmulka\\AppData\\Local\\Temp\\anonymous8534811064349143733webdriver-profile\\extensions\\fxdriver@googlecode.com","e":false,"v":"2.45.0","st":1454480693547,"mt":1454480693511}},"app-global":{"{972ce4c6-7e08-4474-a285-3208198ce6fd}":{"d":"C:\\Program Files (x86)\\Mozilla Firefox\\browser\\extensions\\{972ce4c6-7e08-4474-a285-3208198ce6fd}","e":true,"v":"43.0.1","st":1453273756640,"mt":1453273756121}}}
1454480700995	addons.xpi	DEBUG	No changes found
1454480701003	addons.manager	DEBUG	Registering shutdown blocker for XPIProvider
1454480701004	addons.manager	DEBUG	Provider finished startup: XPIProvider
1454480701004	addons.manager	DEBUG	Starting provider: LightweightThemeManager
1454480701004	addons.manager	DEBUG	Registering shutdown blocker for LightweightThemeManager
1454480701004	addons.manager	DEBUG	Provider finished startup: LightweightThemeManager
1454480701005	addons.manager	DEBUG	Starting provider: GMPProvider
1454480701010	addons.manager	DEBUG	Registering shutdown blocker for GMPProvider
1454480701011	addons.manager	DEBUG	Provider finished startup: GMPProvider
1454480701011	addons.manager	DEBUG	Starting provider: PluginProvider
1454480701011	addons.manager	DEBUG	Registering shutdown blocker for PluginProvider
1454480701011	addons.manager	DEBUG	Provider finished startup: PluginProvider
1454480701011	addons.manager	DEBUG	Completed startup sequence
1454480701086	addons.xpi-utils	DEBUG	Starting async load of XPI database C:\Users\mmulka\AppData\Local\Temp\anonymous8534811064349143733webdriver-profile\extensions.json
*** Blocklist::_loadBlocklistFromFile: blocklist is disabled
1454480701250	addons.manager	DEBUG	Starting provider: <unnamed-provider>
1454480701250	addons.manager	DEBUG	Registering shutdown blocker for <unnamed-provider>
1454480701251	addons.manager	DEBUG	Provider finished startup: <unnamed-provider>
1454480701396	addons.xpi-utils	DEBUG	Async JSON file read took 0 MS
1454480701396	addons.xpi-utils	DEBUG	Finished async read of XPI database, parsing...
1454480701397	addons.xpi-utils	DEBUG	Successfully read XPI database
1454480701547	addons.manager	DEBUG	Starting provider: PreviousExperimentProvider
1454480701547	addons.manager	DEBUG	Registering shutdown blocker for PreviousExperimentProvider
1454480701547	addons.manager	DEBUG	Provider finished startup: PreviousExperimentProvider

	at org.openqa.selenium.firefox.internal.NewProfileExtensionConnection.start(NewProfileExtensionConnection.java:118)
	... 31 more
... Removed 22 stack frames]]>
    </failure>
  </testcase> <!-- @BeforeTest beforeTest -->
  <testcase name="@AfterTest afterTest" time="0.0" classname="HA.TestExecute.NewTest">
    <skipped/>
  </testcase> <!-- @AfterTest afterTest -->
  <testcase name="f" time="0.002" classname="HA.TestExecute.NewTest">
    <skipped/>
  </testcase> <!-- f -->
</testsuite> <!-- pom_Sample -->
