<?xml version="1.0" encoding="UTF-8"?>
<testng-results skipped="0" failed="0" total="1" passed="1">
  <reporter-output>
  </reporter-output>
  <suite name="SUite" duration-ms="47999" started-at="2016-01-20T07:08:49Z" finished-at="2016-01-20T07:09:37Z">
    <groups>
    </groups>
    <test name="pom_Sample" duration-ms="47999" started-at="2016-01-20T07:08:49Z" finished-at="2016-01-20T07:09:37Z">
      <class name="HA.TestExecute.NewTest">
        <test-method status="PASS" signature="beforeTest()[pri:0, instance:HA.TestExecute.NewTest@3e43042d]" name="beforeTest" is-config="true" duration-ms="18676" started-at="2016-01-20T12:38:50Z" finished-at="2016-01-20T12:39:08Z">
          <reporter-output>
          </reporter-output>
        </test-method> <!-- beforeTest -->
        <test-method status="PASS" signature="f()[pri:0, instance:HA.TestExecute.NewTest@3e43042d]" name="f" duration-ms="27884" started-at="2016-01-20T12:39:08Z" finished-at="2016-01-20T12:39:36Z">
          <reporter-output>
          </reporter-output>
        </test-method> <!-- f -->
        <test-method status="PASS" signature="afterTest()[pri:0, instance:HA.TestExecute.NewTest@3e43042d]" name="afterTest" is-config="true" duration-ms="526" started-at="2016-01-20T12:39:36Z" finished-at="2016-01-20T12:39:37Z">
          <reporter-output>
          </reporter-output>
        </test-method> <!-- afterTest -->
      </class> <!-- HA.TestExecute.NewTest -->
    </test> <!-- pom_Sample -->
  </suite> <!-- SUite -->
</testng-results>
